<?xml version="1.0" encoding="UTF-8"?>
<testsuite name="edu.example.dev_coffee2.repository.OrderRepositoryTests" tests="1" skipped="0" failures="0" errors="0" timestamp="2024-09-10T01:11:34" hostname="DESKTOP-62J56BJ" time="0.657">
  <properties/>
  <testcase name="testGetOrderItems()" classname="edu.example.dev_coffee2.repository.OrderRepositoryTests" time="0.657"/>
  <system-out><![CDATA[10:11:28.204 [Test worker] INFO org.springframework.test.context.support.AnnotationConfigContextLoaderUtils -- Could not detect default configuration classes for test class [edu.example.dev_coffee2.repository.OrderRepositoryTests]: OrderRepositoryTests does not declare any static, non-private, non-final, nested classes annotated with @Configuration.
10:11:28.288 [Test worker] INFO org.springframework.boot.test.context.SpringBootTestContextBootstrapper -- Found @SpringBootConfiguration edu.example.dev_coffee2.DevCoffee2Application for test class edu.example.dev_coffee2.repository.OrderRepositoryTests

  .   ____          _            __ _ _
 /\\ / ___'_ __ _ _(_)_ __  __ _ \ \ \ \
( ( )\___ | '_ | '_| | '_ \/ _` | \ \ \ \
 \\/  ___)| |_)| | | | | || (_| |  ) ) ) )
  '  |____| .__|_| |_|_| |_\__, | / / / /
 =========|_|==============|___/=/_/_/_/

 :: Spring Boot ::                (v3.3.3)

2024-09-10T10:11:28.578+09:00  INFO 26700 --- [dev_coffee2] [    Test worker] e.e.d.repository.OrderRepositoryTests    : Starting OrderRepositoryTests using Java 17.0.11 with PID 26700 (started by ESP in C:\Users\ESP\Desktop\gc-coffee-main)
2024-09-10T10:11:28.579+09:00  INFO 26700 --- [dev_coffee2] [    Test worker] e.e.d.repository.OrderRepositoryTests    : The following 1 profile is active: "production"
2024-09-10T10:11:29.152+09:00  INFO 26700 --- [dev_coffee2] [    Test worker] .s.d.r.c.RepositoryConfigurationDelegate : Bootstrapping Spring Data JPA repositories in DEFAULT mode.
2024-09-10T10:11:29.191+09:00  INFO 26700 --- [dev_coffee2] [    Test worker] .s.d.r.c.RepositoryConfigurationDelegate : Finished Spring Data repository scanning in 33 ms. Found 3 JPA repository interfaces.
2024-09-10T10:11:29.617+09:00  INFO 26700 --- [dev_coffee2] [    Test worker] o.hibernate.jpa.internal.util.LogHelper  : HHH000204: Processing PersistenceUnitInfo [name: default]
2024-09-10T10:11:29.677+09:00  INFO 26700 --- [dev_coffee2] [    Test worker] org.hibernate.Version                    : HHH000412: Hibernate ORM core version 6.5.2.Final
2024-09-10T10:11:29.706+09:00  INFO 26700 --- [dev_coffee2] [    Test worker] o.h.c.internal.RegionFactoryInitiator    : HHH000026: Second-level cache disabled
2024-09-10T10:11:29.922+09:00  INFO 26700 --- [dev_coffee2] [    Test worker] o.s.o.j.p.SpringPersistenceUnitInfo      : No LoadTimeWeaver setup: ignoring JPA class transformer
2024-09-10T10:11:29.944+09:00  INFO 26700 --- [dev_coffee2] [    Test worker] com.zaxxer.hikari.HikariDataSource       : HikariPool-1 - Starting...
2024-09-10T10:11:31.551+09:00  INFO 26700 --- [dev_coffee2] [    Test worker] com.zaxxer.hikari.pool.HikariPool        : HikariPool-1 - Added connection com.mysql.cj.jdbc.ConnectionImpl@104bc677
2024-09-10T10:11:31.553+09:00  INFO 26700 --- [dev_coffee2] [    Test worker] com.zaxxer.hikari.HikariDataSource       : HikariPool-1 - Start completed.
2024-09-10T10:11:32.273+09:00  INFO 26700 --- [dev_coffee2] [    Test worker] o.h.e.t.j.p.i.JtaPlatformInitiator       : HHH000489: No JTA platform available (set 'hibernate.transaction.jta.platform' to enable JTA platform integration)
2024-09-10T10:11:32.809+09:00  INFO 26700 --- [dev_coffee2] [    Test worker] j.LocalContainerEntityManagerFactoryBean : Initialized JPA EntityManagerFactory for persistence unit 'default'
2024-09-10T10:11:33.035+09:00  INFO 26700 --- [dev_coffee2] [    Test worker] o.s.d.j.r.query.QueryEnhancerFactory     : Hibernate is in classpath; If applicable, HQL parser will be used.
2024-09-10T10:11:33.652+09:00  WARN 26700 --- [dev_coffee2] [    Test worker] JpaBaseConfiguration$JpaWebConfiguration : spring.jpa.open-in-view is enabled by default. Therefore, database queries may be performed during view rendering. Explicitly configure spring.jpa.open-in-view to disable this warning
2024-09-10T10:11:34.085+09:00  INFO 26700 --- [dev_coffee2] [    Test worker] e.e.d.repository.OrderRepositoryTests    : Started OrderRepositoryTests in 5.666 seconds (process running for 6.556)
Hibernate: 
    select
        oi1_0.order_item_id,
        oi1_0.category,
        o1_0.order_id,
        o1_0.address,
        o1_0.email,
        o1_0.mod_date,
        o1_0.order_status,
        o1_0.postcode,
        o1_0.reg_date,
        oi1_0.price,
        p1_0.product_id,
        p1_0.category,
        p1_0.created_at,
        p1_0.description,
        p1_0.price,
        p1_0.product_name,
        p1_0.updated_at,
        oi1_0.quantity 
    from
        order_items oi1_0 
    join
        products p1_0 
            on p1_0.product_id=oi1_0.product_id 
    join
        orders o1_0 
            on o1_0.order_id=oi1_0.order_id 
    where
        o1_0.email=? 
    order by
        oi1_0.order_item_id desc
-------------------
Hibernate: 
    select
        oi1_0.order_id,
        oi1_0.order_item_id,
        oi1_0.category,
        oi1_0.price,
        oi1_0.product_id,
        oi1_0.quantity 
    from
        order_items oi1_0 
    where
        oi1_0.order_id=?
Order(orderId=2, email=hong@example.com, address=서울시 강남구, postcode=15888, orderItems=[OrderItem(orderItemId=3, category=EthiopiaSidamo, quantity=2, price=40000), OrderItem(orderItemId=5, category=BrazilSerraDoCoffee, quantity=6, price=120000)], orderStatus=ACCEPTED, regDate=2024-09-10T09:28:05.961731, modDate=2024-09-10T09:28:05.961731)
3
BrazilSerraDoCoffee
120000
-------------------
Order(orderId=2, email=hong@example.com, address=서울시 강남구, postcode=15888, orderItems=[OrderItem(orderItemId=3, category=EthiopiaSidamo, quantity=2, price=40000), OrderItem(orderItemId=5, category=BrazilSerraDoCoffee, quantity=6, price=120000)], orderStatus=ACCEPTED, regDate=2024-09-10T09:28:05.961731, modDate=2024-09-10T09:28:05.961731)
4
EthiopiaSidamo
40000
]]></system-out>
  <system-err><![CDATA[]]></system-err>
</testsuite>
